2020-05-16 14:27:15.618  INFO 16496 --- [main] com.gateway.TestAccountApplication       : No active profile set, falling back to default profiles: default
2020-05-16 14:27:15.645  INFO 16496 --- [main] ConfigServletWebServerApplicationContext : Refreshing org.springframework.boot.web.servlet.context.AnnotationConfigServletWebServerApplicationContext@773dab28: startup date [Sat May 16 14:27:15 CST 2020]; parent: org.springframework.context.annotation.AnnotationConfigApplicationContext@610f7aa
2020-05-16 14:27:16.574  WARN 16496 --- [main] o.m.s.mapper.ClassPathMapperScanner      : Skipping MapperFactoryBean with name 'userDao' and 'com.gateway.dao.UserDao' mapperInterface. Bean already defined with the same name!
2020-05-16 14:27:16.575  WARN 16496 --- [main] o.m.s.mapper.ClassPathMapperScanner      : No MyBatis mapper was found in '[com.gateway.dao]' package. Please check your configuration.
2020-05-16 14:27:16.897  INFO 16496 --- [main] .s.d.r.c.RepositoryConfigurationDelegate : Multiple Spring Data modules found, entering strict repository configuration mode!
2020-05-16 14:27:17.257  INFO 16496 --- [main] o.s.b.f.s.DefaultListableBeanFactory     : Overriding bean definition for bean 'dataSource' with a different definition: replacing [Root bean: class [null]; scope=refresh; abstract=false; lazyInit=false; autowireMode=3; dependencyCheck=0; autowireCandidate=false; primary=false; factoryBeanName=org.springframework.boot.autoconfigure.jdbc.DataSourceConfiguration$Hikari; factoryMethodName=dataSource; initMethodName=null; destroyMethodName=(inferred); defined in class path resource [org/springframework/boot/autoconfigure/jdbc/DataSourceConfiguration$Hikari.class]] with [Root bean: class [org.springframework.aop.scope.ScopedProxyFactoryBean]; scope=; abstract=false; lazyInit=false; autowireMode=0; dependencyCheck=0; autowireCandidate=true; primary=false; factoryBeanName=null; factoryMethodName=null; initMethodName=null; destroyMethodName=null; defined in BeanDefinition defined in class path resource [org/springframework/boot/autoconfigure/jdbc/DataSourceConfiguration$Hikari.class]]
2020-05-16 14:27:17.372  INFO 16496 --- [main] o.s.cloud.context.scope.GenericScope     : BeanFactory id=8476e655-e99e-3ade-a0e7-6891168952b1
2020-05-16 14:27:17.391  INFO 16496 --- [main] f.a.AutowiredAnnotationBeanPostProcessor : JSR-330 'javax.inject.Inject' annotation found and supported for autowiring
2020-05-16 14:27:17.554  INFO 16496 --- [main] trationDelegate$BeanPostProcessorChecker : Bean 'org.springframework.transaction.annotation.ProxyTransactionManagementConfiguration' of type [org.springframework.transaction.annotation.ProxyTransactionManagementConfiguration$$EnhancerBySpringCGLIB$$bd603a09] is not eligible for getting processed by all BeanPostProcessors (for example: not eligible for auto-proxying)
2020-05-16 14:27:17.639  INFO 16496 --- [main] trationDelegate$BeanPostProcessorChecker : Bean 'org.springframework.cloud.autoconfigure.ConfigurationPropertiesRebinderAutoConfiguration' of type [org.springframework.cloud.autoconfigure.ConfigurationPropertiesRebinderAutoConfiguration$$EnhancerBySpringCGLIB$$d97a3d06] is not eligible for getting processed by all BeanPostProcessors (for example: not eligible for auto-proxying)
2020-05-16 14:27:18.239  INFO 16496 --- [main] o.s.b.w.embedded.tomcat.TomcatWebServer  : Tomcat initialized with port(s): 8050 (http)
2020-05-16 14:27:18.275  INFO 16496 --- [main] o.apache.catalina.core.StandardService   : Starting service [Tomcat]
2020-05-16 14:27:18.275  INFO 16496 --- [main] org.apache.catalina.core.StandardEngine  : Starting Servlet Engine: Apache Tomcat/8.5.35
2020-05-16 14:27:18.281  INFO 16496 --- [localhost-startStop-1] o.a.catalina.core.AprLifecycleListener   : The APR based Apache Tomcat Native library which allows optimal performance in production environments was not found on the java.library.path: [C:\Program Files\Java\jdk1.8.0_211\bin;C:\WINDOWS\Sun\Java\bin;C:\WINDOWS\system32;C:\WINDOWS;C:\Program Files (x86)\Common Files\NetSarang;C:\Program Files (x86)\Common Files\Oracle\Java\javapath;C:\WINDOWS\system32;C:\WINDOWS;C:\WINDOWS\System32\Wbem;C:\WINDOWS\System32\WindowsPowerShell\v1.0\;E:\softs\Matlab\runtime\win64;E:\softs\Matlab\bin;E:\softs\matlab\polyspace\bin;C:\WINDOWS\System32\OpenSSH\;C:\Softs\Git\cmd;E:\softs\nodejs\;C:\Program Files (x86)\NVIDIA Corporation\PhysX\Common;C:\Program Files\Intel\WiFi\bin\;C:\Program Files\Common Files\Intel\WirelessCommon\;C:\Program Files\Java\jdk1.8.0_211\bin;E:\softs\spss\JRE\bin;E:\softs\maven\bin;E:\softs\mysql-8.0.11\bin\;;C:\Program Files\Docker\Docker\resources\bin;C:\ProgramData\DockerDesktop\version-bin;C:\Users\19229\AppData\Local\Microsoft\WindowsApps;E:\softs\nodejs\node_global;C:\Program Files\Intel\WiFi\bin\;C:\Program Files\Common Files\Intel\WirelessCommon\;.]
2020-05-16 14:27:18.464  INFO 16496 --- [localhost-startStop-1] o.a.c.c.C.[Tomcat].[localhost].[/]       : Initializing Spring embedded WebApplicationContext
2020-05-16 14:27:18.464  INFO 16496 --- [localhost-startStop-1] o.s.web.context.ContextLoader            : Root WebApplicationContext: initialization completed in 2819 ms
2020-05-16 14:27:19.087  INFO 16496 --- [localhost-startStop-1] o.s.b.w.servlet.FilterRegistrationBean   : Mapping filter: 'characterEncodingFilter' to: [/*]
2020-05-16 14:27:19.088  INFO 16496 --- [localhost-startStop-1] o.s.b.w.servlet.FilterRegistrationBean   : Mapping filter: 'sessionRepositoryFilter' to: [/*]
2020-05-16 14:27:19.088  INFO 16496 --- [localhost-startStop-1] o.s.b.w.servlet.FilterRegistrationBean   : Mapping filter: 'hiddenHttpMethodFilter' to: [/*]
2020-05-16 14:27:19.088  INFO 16496 --- [localhost-startStop-1] o.s.b.w.servlet.FilterRegistrationBean   : Mapping filter: 'httpPutFormContentFilter' to: [/*]
2020-05-16 14:27:19.088  INFO 16496 --- [localhost-startStop-1] o.s.b.w.servlet.FilterRegistrationBean   : Mapping filter: 'requestContextFilter' to: [/*]
2020-05-16 14:27:19.089  INFO 16496 --- [localhost-startStop-1] o.s.b.w.servlet.ServletRegistrationBean  : Servlet dispatcherServlet mapped to [/]
2020-05-16 14:27:19.576  INFO 16496 --- [main] io.lettuce.core.EpollProvider            : Starting without optional epoll library
2020-05-16 14:27:19.579  INFO 16496 --- [main] io.lettuce.core.KqueueProvider           : Starting without optional kqueue library
2020-05-16 14:27:21.997  WARN 16496 --- [main] c.n.c.sources.URLConfigurationSource     : No URLs will be polled as dynamic configuration sources.
2020-05-16 14:27:22.002  INFO 16496 --- [main] c.n.c.sources.URLConfigurationSource     : To enable URLs as dynamic configuration sources, define System property archaius.configurationSource.additionalUrls or make config.properties available on classpath.
2020-05-16 14:27:22.013  WARN 16496 --- [main] c.n.c.sources.URLConfigurationSource     : No URLs will be polled as dynamic configuration sources.
2020-05-16 14:27:22.014  INFO 16496 --- [main] c.n.c.sources.URLConfigurationSource     : To enable URLs as dynamic configuration sources, define System property archaius.configurationSource.additionalUrls or make config.properties available on classpath.
2020-05-16 14:27:22.153  INFO 16496 --- [main] o.s.w.s.handler.SimpleUrlHandlerMapping  : Mapped URL path [/**/favicon.ico] onto handler of type [class org.springframework.web.servlet.resource.ResourceHttpRequestHandler]
2020-05-16 14:27:22.784  INFO 16496 --- [main] s.w.s.m.m.a.RequestMappingHandlerAdapter : Looking for @ControllerAdvice: org.springframework.boot.web.servlet.context.AnnotationConfigServletWebServerApplicationContext@773dab28: startup date [Sat May 16 14:27:15 CST 2020]; parent: org.springframework.context.annotation.AnnotationConfigApplicationContext@610f7aa
2020-05-16 14:27:22.872  INFO 16496 --- [main] s.w.s.m.m.a.RequestMappingHandlerMapping : Mapped "{[/user/login],methods=[POST]}" onto public com.gateway.entity.User com.gateway.controller.UserHandler.login(javax.servlet.http.HttpServletRequest)
2020-05-16 14:27:22.876  INFO 16496 --- [main] s.w.s.m.m.a.RequestMappingHandlerMapping : Mapped "{[/error]}" onto public org.springframework.http.ResponseEntity<java.util.Map<java.lang.String, java.lang.Object>> org.springframework.boot.autoconfigure.web.servlet.error.BasicErrorController.error(javax.servlet.http.HttpServletRequest)
2020-05-16 14:27:22.877  INFO 16496 --- [main] s.w.s.m.m.a.RequestMappingHandlerMapping : Mapped "{[/error],produces=[text/html]}" onto public org.springframework.web.servlet.ModelAndView org.springframework.boot.autoconfigure.web.servlet.error.BasicErrorController.errorHtml(javax.servlet.http.HttpServletRequest,javax.servlet.http.HttpServletResponse)
2020-05-16 14:27:22.920  INFO 16496 --- [main] o.s.w.s.handler.SimpleUrlHandlerMapping  : Mapped URL path [/webjars/**] onto handler of type [class org.springframework.web.servlet.resource.ResourceHttpRequestHandler]
2020-05-16 14:27:22.921  INFO 16496 --- [main] o.s.w.s.handler.SimpleUrlHandlerMapping  : Mapped URL path [/**] onto handler of type [class org.springframework.web.servlet.resource.ResourceHttpRequestHandler]
2020-05-16 14:27:27.026  INFO 16496 --- [main] com.netflix.discovery.DiscoveryClient    : Shutting down DiscoveryClient ...
2020-05-16 14:27:27.035  INFO 16496 --- [main] com.netflix.discovery.DiscoveryClient    : Completed shut down of DiscoveryClient
2020-05-16 14:27:27.062  INFO 16496 --- [main] o.s.j.e.a.AnnotationMBeanExporter        : Registering beans for JMX exposure on startup
2020-05-16 14:27:27.064  INFO 16496 --- [main] o.s.j.e.a.AnnotationMBeanExporter        : Bean with name 'dataSource' has been autodetected for JMX exposure
2020-05-16 14:27:27.072  INFO 16496 --- [main] o.s.j.e.a.AnnotationMBeanExporter        : Bean with name 'refreshScope' has been autodetected for JMX exposure
2020-05-16 14:27:27.074  INFO 16496 --- [main] o.s.j.e.a.AnnotationMBeanExporter        : Bean with name 'configurationPropertiesRebinder' has been autodetected for JMX exposure
2020-05-16 14:27:27.075  INFO 16496 --- [main] o.s.j.e.a.AnnotationMBeanExporter        : Bean with name 'environmentManager' has been autodetected for JMX exposure
2020-05-16 14:27:27.080  INFO 16496 --- [main] o.s.j.e.a.AnnotationMBeanExporter        : Located managed bean 'environmentManager': registering with JMX server as MBean [org.springframework.cloud.context.environment:name=environmentManager,type=EnvironmentManager]
2020-05-16 14:27:27.098  INFO 16496 --- [main] o.s.j.e.a.AnnotationMBeanExporter        : Located managed bean 'refreshScope': registering with JMX server as MBean [org.springframework.cloud.context.scope.refresh:name=refreshScope,type=RefreshScope]
2020-05-16 14:27:27.110  INFO 16496 --- [main] o.s.j.e.a.AnnotationMBeanExporter        : Located managed bean 'configurationPropertiesRebinder': registering with JMX server as MBean [org.springframework.cloud.context.properties:name=configurationPropertiesRebinder,context=773dab28,type=ConfigurationPropertiesRebinder]
2020-05-16 14:27:27.120  INFO 16496 --- [main] o.s.j.e.a.AnnotationMBeanExporter        : Located MBean 'dataSource': registering with JMX server as MBean [com.zaxxer.hikari:name=dataSource,type=HikariDataSource]
2020-05-16 14:27:27.135  INFO 16496 --- [main] o.s.c.support.DefaultLifecycleProcessor  : Starting beans in phase 0
2020-05-16 14:27:27.146  INFO 16496 --- [main] o.s.c.n.eureka.InstanceInfoFactory       : Setting initial instance status as: STARTING
2020-05-16 14:27:27.151  INFO 16496 --- [main] com.netflix.discovery.DiscoveryClient    : Initializing Eureka in region us-east-1
2020-05-16 14:27:27.153  INFO 16496 --- [main] c.n.d.provider.DiscoveryJerseyProvider   : Using JSON encoding codec LegacyJacksonJson
2020-05-16 14:27:27.153  INFO 16496 --- [main] c.n.d.provider.DiscoveryJerseyProvider   : Using JSON decoding codec LegacyJacksonJson
2020-05-16 14:27:27.153  INFO 16496 --- [main] c.n.d.provider.DiscoveryJerseyProvider   : Using XML encoding codec XStreamXml
2020-05-16 14:27:27.153  INFO 16496 --- [main] c.n.d.provider.DiscoveryJerseyProvider   : Using XML decoding codec XStreamXml
2020-05-16 14:27:27.221  INFO 16496 --- [main] c.n.d.s.r.aws.ConfigClusterResolver      : Resolving eureka endpoints via configuration
2020-05-16 14:27:27.222  INFO 16496 --- [main] com.netflix.discovery.DiscoveryClient    : Disable delta property : false
2020-05-16 14:27:27.223  INFO 16496 --- [main] com.netflix.discovery.DiscoveryClient    : Single vip registry refresh property : null
2020-05-16 14:27:27.223  INFO 16496 --- [main] com.netflix.discovery.DiscoveryClient    : Force full registry fetch : false
2020-05-16 14:27:27.223  INFO 16496 --- [main] com.netflix.discovery.DiscoveryClient    : Application is null : false
2020-05-16 14:27:27.223  INFO 16496 --- [main] com.netflix.discovery.DiscoveryClient    : Registered Applications size is zero : true
2020-05-16 14:27:27.223  INFO 16496 --- [main] com.netflix.discovery.DiscoveryClient    : Application version is -1: true
2020-05-16 14:27:27.223  INFO 16496 --- [main] com.netflix.discovery.DiscoveryClient    : Getting all instance registry info from the eureka server
2020-05-16 14:27:27.228  INFO 16496 --- [main] com.netflix.discovery.DiscoveryClient    : The response status is 200
2020-05-16 14:27:27.229  INFO 16496 --- [main] com.netflix.discovery.DiscoveryClient    : Starting heartbeat executor: renew interval is: 30
2020-05-16 14:27:27.231  INFO 16496 --- [main] c.n.discovery.InstanceInfoReplicator     : InstanceInfoReplicator onDemand update allowed rate per min is 4
2020-05-16 14:27:27.233  INFO 16496 --- [main] com.netflix.discovery.DiscoveryClient    : Discovery Client initialized at timestamp 1589610447233 with initial instances count: 3
2020-05-16 14:27:27.240  INFO 16496 --- [main] o.s.c.n.e.s.EurekaServiceRegistry        : Registering application ACCOUNT with eureka with status UP
2020-05-16 14:27:27.241  INFO 16496 --- [main] com.netflix.discovery.DiscoveryClient    : Saw local status change event StatusChangeEvent [timestamp=1589610447241, current=UP, previous=STARTING]
2020-05-16 14:27:27.243  INFO 16496 --- [DiscoveryClient-InstanceInfoReplicator-0] com.netflix.discovery.DiscoveryClient    : DiscoveryClient_ACCOUNT/DESKTOP-8KM16BQ:account:8050: registering service...
2020-05-16 14:27:27.248  INFO 16496 --- [main] o.s.c.support.DefaultLifecycleProcessor  : Starting beans in phase 2147483647
2020-05-16 14:27:27.289  INFO 16496 --- [DiscoveryClient-InstanceInfoReplicator-0] com.netflix.discovery.DiscoveryClient    : DiscoveryClient_ACCOUNT/DESKTOP-8KM16BQ:account:8050 - registration status: 204
2020-05-16 14:27:27.868  INFO 16496 --- [main] s.a.ScheduledAnnotationBeanPostProcessor : No TaskScheduler/ScheduledExecutorService bean found for scheduled processing
2020-05-16 14:27:27.897  INFO 16496 --- [main] o.s.b.w.embedded.tomcat.TomcatWebServer  : Tomcat started on port(s): 8050 (http) with context path ''
2020-05-16 14:27:27.899  INFO 16496 --- [main] .s.c.n.e.s.EurekaAutoServiceRegistration : Updating port to 8050
2020-05-16 14:27:27.902  INFO 16496 --- [main] com.gateway.TestAccountApplication       : Started TestAccountApplication in 26.264 seconds (JVM running for 30.127)
2020-05-16 14:28:36.880  INFO 16496 --- [http-nio-8050-exec-1] o.a.c.c.C.[Tomcat].[localhost].[/]       : Initializing Spring FrameworkServlet 'dispatcherServlet'
2020-05-16 14:28:36.880  INFO 16496 --- [http-nio-8050-exec-1] o.s.web.servlet.DispatcherServlet        : FrameworkServlet 'dispatcherServlet': initialization started
2020-05-16 14:28:36.914  INFO 16496 --- [http-nio-8050-exec-1] o.s.web.servlet.DispatcherServlet        : FrameworkServlet 'dispatcherServlet': initialization completed in 33 ms
2020-05-16 14:28:37.127  INFO 16496 --- [http-nio-8050-exec-1] com.zaxxer.hikari.HikariDataSource       : HikariPool-1 - Starting...
2020-05-16 14:28:38.722  INFO 16496 --- [http-nio-8050-exec-1] com.zaxxer.hikari.HikariDataSource       : HikariPool-1 - Start completed.
2020-05-16 14:28:39.429  INFO 16496 --- [http-nio-8050-exec-1] Handler$$EnhancerBySpringCGLIB$$83201872 : info:testlogin
