2020-05-16 12:50:50.500  INFO 4156 --- [main] com.gateway.TestNettyServerApplication   : No active profile set, falling back to default profiles: default
2020-05-16 12:50:50.527  INFO 4156 --- [main] ConfigServletWebServerApplicationContext : Refreshing org.springframework.boot.web.servlet.context.AnnotationConfigServletWebServerApplicationContext@55cff952: startup date [Sat May 16 12:50:50 CST 2020]; parent: org.springframework.context.annotation.AnnotationConfigApplicationContext@57250572
2020-05-16 12:50:50.958  INFO 4156 --- [main] o.s.b.f.s.DefaultListableBeanFactory     : Overriding bean definition for bean 'run' with a different definition: replacing [Root bean: class [null]; scope=; abstract=false; lazyInit=false; autowireMode=3; dependencyCheck=0; autowireCandidate=true; primary=false; factoryBeanName=testNettyServerApplication; factoryMethodName=run; initMethodName=null; destroyMethodName=(inferred); defined in class path resource [com/gateway/TestNettyServerApplication.class]] with [Root bean: class [null]; scope=; abstract=false; lazyInit=false; autowireMode=3; dependencyCheck=0; autowireCandidate=true; primary=false; factoryBeanName=nettyServerApplication; factoryMethodName=run; initMethodName=null; destroyMethodName=(inferred); defined in com.gateway.NettyServerApplication]
2020-05-16 12:50:51.224  INFO 4156 --- [main] o.s.cloud.context.scope.GenericScope     : BeanFactory id=793f3d59-d602-3810-9dd0-38f89488fe02
2020-05-16 12:50:51.241  INFO 4156 --- [main] f.a.AutowiredAnnotationBeanPostProcessor : JSR-330 'javax.inject.Inject' annotation found and supported for autowiring
2020-05-16 12:50:51.327  INFO 4156 --- [main] trationDelegate$BeanPostProcessorChecker : Bean 'org.springframework.cloud.autoconfigure.ConfigurationPropertiesRebinderAutoConfiguration' of type [org.springframework.cloud.autoconfigure.ConfigurationPropertiesRebinderAutoConfiguration$$EnhancerBySpringCGLIB$$b25e6005] is not eligible for getting processed by all BeanPostProcessors (for example: not eligible for auto-proxying)
2020-05-16 12:50:51.711  INFO 4156 --- [main] o.s.b.w.embedded.tomcat.TomcatWebServer  : Tomcat initialized with port(s): 8010 (http)
2020-05-16 12:50:51.745  INFO 4156 --- [main] o.apache.catalina.core.StandardService   : Starting service [Tomcat]
2020-05-16 12:50:51.745  INFO 4156 --- [main] org.apache.catalina.core.StandardEngine  : Starting Servlet Engine: Apache Tomcat/8.5.35
2020-05-16 12:50:51.753  INFO 4156 --- [localhost-startStop-1] o.a.catalina.core.AprLifecycleListener   : The APR based Apache Tomcat Native library which allows optimal performance in production environments was not found on the java.library.path: [C:\Program Files\Java\jdk1.8.0_211\bin;C:\WINDOWS\Sun\Java\bin;C:\WINDOWS\system32;C:\WINDOWS;C:\Program Files (x86)\Common Files\NetSarang;C:\Program Files (x86)\Common Files\Oracle\Java\javapath;C:\WINDOWS\system32;C:\WINDOWS;C:\WINDOWS\System32\Wbem;C:\WINDOWS\System32\WindowsPowerShell\v1.0\;E:\softs\Matlab\runtime\win64;E:\softs\Matlab\bin;E:\softs\matlab\polyspace\bin;C:\WINDOWS\System32\OpenSSH\;C:\Softs\Git\cmd;E:\softs\nodejs\;C:\Program Files (x86)\NVIDIA Corporation\PhysX\Common;C:\Program Files\Intel\WiFi\bin\;C:\Program Files\Common Files\Intel\WirelessCommon\;C:\Program Files\Java\jdk1.8.0_211\bin;E:\softs\spss\JRE\bin;E:\softs\maven\bin;E:\softs\mysql-8.0.11\bin\;;C:\Program Files\Docker\Docker\resources\bin;C:\ProgramData\DockerDesktop\version-bin;C:\Users\19229\AppData\Local\Microsoft\WindowsApps;E:\softs\nodejs\node_global;C:\Program Files\Intel\WiFi\bin\;C:\Program Files\Common Files\Intel\WirelessCommon\;.]
2020-05-16 12:50:51.923  INFO 4156 --- [localhost-startStop-1] o.a.c.c.C.[Tomcat].[localhost].[/]       : Initializing Spring embedded WebApplicationContext
2020-05-16 12:50:51.923  INFO 4156 --- [localhost-startStop-1] o.s.web.context.ContextLoader            : Root WebApplicationContext: initialization completed in 1396 ms
2020-05-16 12:50:52.007  INFO 4156 --- [localhost-startStop-1] o.s.b.w.servlet.ServletRegistrationBean  : Servlet dispatcherServlet mapped to [/]
2020-05-16 12:50:52.015  INFO 4156 --- [localhost-startStop-1] o.s.b.w.servlet.FilterRegistrationBean   : Mapping filter: 'characterEncodingFilter' to: [/*]
2020-05-16 12:50:52.016  INFO 4156 --- [localhost-startStop-1] o.s.b.w.servlet.FilterRegistrationBean   : Mapping filter: 'hiddenHttpMethodFilter' to: [/*]
2020-05-16 12:50:52.016  INFO 4156 --- [localhost-startStop-1] o.s.b.w.servlet.FilterRegistrationBean   : Mapping filter: 'httpPutFormContentFilter' to: [/*]
2020-05-16 12:50:52.016  INFO 4156 --- [localhost-startStop-1] o.s.b.w.servlet.FilterRegistrationBean   : Mapping filter: 'requestContextFilter' to: [/*]
2020-05-16 12:50:52.101  WARN 4156 --- [main] c.n.c.sources.URLConfigurationSource     : No URLs will be polled as dynamic configuration sources.
2020-05-16 12:50:52.101  INFO 4156 --- [main] c.n.c.sources.URLConfigurationSource     : To enable URLs as dynamic configuration sources, define System property archaius.configurationSource.additionalUrls or make config.properties available on classpath.
2020-05-16 12:50:52.107  WARN 4156 --- [main] c.n.c.sources.URLConfigurationSource     : No URLs will be polled as dynamic configuration sources.
2020-05-16 12:50:52.108  INFO 4156 --- [main] c.n.c.sources.URLConfigurationSource     : To enable URLs as dynamic configuration sources, define System property archaius.configurationSource.additionalUrls or make config.properties available on classpath.
2020-05-16 12:50:52.247  INFO 4156 --- [main] o.s.w.s.handler.SimpleUrlHandlerMapping  : Mapped URL path [/**/favicon.ico] onto handler of type [class org.springframework.web.servlet.resource.ResourceHttpRequestHandler]
2020-05-16 12:50:52.483  INFO 4156 --- [main] s.w.s.m.m.a.RequestMappingHandlerAdapter : Looking for @ControllerAdvice: org.springframework.boot.web.servlet.context.AnnotationConfigServletWebServerApplicationContext@55cff952: startup date [Sat May 16 12:50:50 CST 2020]; parent: org.springframework.context.annotation.AnnotationConfigApplicationContext@57250572
2020-05-16 12:50:52.552  INFO 4156 --- [main] s.w.s.m.m.a.RequestMappingHandlerMapping : Mapped "{[/error]}" onto public org.springframework.http.ResponseEntity<java.util.Map<java.lang.String, java.lang.Object>> org.springframework.boot.autoconfigure.web.servlet.error.BasicErrorController.error(javax.servlet.http.HttpServletRequest)
2020-05-16 12:50:52.553  INFO 4156 --- [main] s.w.s.m.m.a.RequestMappingHandlerMapping : Mapped "{[/error],produces=[text/html]}" onto public org.springframework.web.servlet.ModelAndView org.springframework.boot.autoconfigure.web.servlet.error.BasicErrorController.errorHtml(javax.servlet.http.HttpServletRequest,javax.servlet.http.HttpServletResponse)
2020-05-16 12:50:52.583  INFO 4156 --- [main] o.s.w.s.handler.SimpleUrlHandlerMapping  : Mapped URL path [/webjars/**] onto handler of type [class org.springframework.web.servlet.resource.ResourceHttpRequestHandler]
2020-05-16 12:50:52.583  INFO 4156 --- [main] o.s.w.s.handler.SimpleUrlHandlerMapping  : Mapped URL path [/**] onto handler of type [class org.springframework.web.servlet.resource.ResourceHttpRequestHandler]
2020-05-16 12:50:54.513  INFO 4156 --- [Thread-22] com.gateway.server.NettyServer           : server run in port 8999

2020-05-16 12:50:56.235  INFO 4156 --- [main] com.netflix.discovery.DiscoveryClient    : Shutting down DiscoveryClient ...
2020-05-16 12:50:56.243  INFO 4156 --- [main] com.netflix.discovery.DiscoveryClient    : Completed shut down of DiscoveryClient
2020-05-16 12:50:56.270  INFO 4156 --- [main] o.s.j.e.a.AnnotationMBeanExporter        : Registering beans for JMX exposure on startup
2020-05-16 12:50:56.281  INFO 4156 --- [main] o.s.j.e.a.AnnotationMBeanExporter        : Bean with name 'refreshScope' has been autodetected for JMX exposure
2020-05-16 12:50:56.282  INFO 4156 --- [main] o.s.j.e.a.AnnotationMBeanExporter        : Bean with name 'configurationPropertiesRebinder' has been autodetected for JMX exposure
2020-05-16 12:50:56.283  INFO 4156 --- [main] o.s.j.e.a.AnnotationMBeanExporter        : Bean with name 'environmentManager' has been autodetected for JMX exposure
2020-05-16 12:50:56.287  INFO 4156 --- [main] o.s.j.e.a.AnnotationMBeanExporter        : Located managed bean 'environmentManager': registering with JMX server as MBean [org.springframework.cloud.context.environment:name=environmentManager,type=EnvironmentManager]
2020-05-16 12:50:56.301  INFO 4156 --- [main] o.s.j.e.a.AnnotationMBeanExporter        : Located managed bean 'refreshScope': registering with JMX server as MBean [org.springframework.cloud.context.scope.refresh:name=refreshScope,type=RefreshScope]
2020-05-16 12:50:56.315  INFO 4156 --- [main] o.s.j.e.a.AnnotationMBeanExporter        : Located managed bean 'configurationPropertiesRebinder': registering with JMX server as MBean [org.springframework.cloud.context.properties:name=configurationPropertiesRebinder,context=55cff952,type=ConfigurationPropertiesRebinder]
2020-05-16 12:50:56.336  INFO 4156 --- [main] o.s.c.support.DefaultLifecycleProcessor  : Starting beans in phase 0
2020-05-16 12:50:56.349  INFO 4156 --- [main] o.s.c.n.eureka.InstanceInfoFactory       : Setting initial instance status as: STARTING
2020-05-16 12:50:56.353  INFO 4156 --- [main] com.netflix.discovery.DiscoveryClient    : Initializing Eureka in region us-east-1
2020-05-16 12:50:56.355  INFO 4156 --- [main] c.n.d.provider.DiscoveryJerseyProvider   : Using JSON encoding codec LegacyJacksonJson
2020-05-16 12:50:56.356  INFO 4156 --- [main] c.n.d.provider.DiscoveryJerseyProvider   : Using JSON decoding codec LegacyJacksonJson
2020-05-16 12:50:56.356  INFO 4156 --- [main] c.n.d.provider.DiscoveryJerseyProvider   : Using XML encoding codec XStreamXml
2020-05-16 12:50:56.356  INFO 4156 --- [main] c.n.d.provider.DiscoveryJerseyProvider   : Using XML decoding codec XStreamXml
2020-05-16 12:50:56.422  INFO 4156 --- [main] c.n.d.s.r.aws.ConfigClusterResolver      : Resolving eureka endpoints via configuration
2020-05-16 12:50:56.423  INFO 4156 --- [main] com.netflix.discovery.DiscoveryClient    : Disable delta property : false
2020-05-16 12:50:56.423  INFO 4156 --- [main] com.netflix.discovery.DiscoveryClient    : Single vip registry refresh property : null
2020-05-16 12:50:56.423  INFO 4156 --- [main] com.netflix.discovery.DiscoveryClient    : Force full registry fetch : false
2020-05-16 12:50:56.423  INFO 4156 --- [main] com.netflix.discovery.DiscoveryClient    : Application is null : false
2020-05-16 12:50:56.423  INFO 4156 --- [main] com.netflix.discovery.DiscoveryClient    : Registered Applications size is zero : true
2020-05-16 12:50:56.423  INFO 4156 --- [main] com.netflix.discovery.DiscoveryClient    : Application version is -1: true
2020-05-16 12:50:56.423  INFO 4156 --- [main] com.netflix.discovery.DiscoveryClient    : Getting all instance registry info from the eureka server
2020-05-16 12:50:56.429  INFO 4156 --- [main] com.netflix.discovery.DiscoveryClient    : The response status is 200
2020-05-16 12:50:56.430  INFO 4156 --- [main] com.netflix.discovery.DiscoveryClient    : Starting heartbeat executor: renew interval is: 30
2020-05-16 12:50:56.431  INFO 4156 --- [main] c.n.discovery.InstanceInfoReplicator     : InstanceInfoReplicator onDemand update allowed rate per min is 4
2020-05-16 12:50:56.433  INFO 4156 --- [main] com.netflix.discovery.DiscoveryClient    : Discovery Client initialized at timestamp 1589604656433 with initial instances count: 2
2020-05-16 12:50:56.438  INFO 4156 --- [main] o.s.c.n.e.s.EurekaServiceRegistry        : Registering application NETTYSERVER with eureka with status UP
2020-05-16 12:50:56.439  INFO 4156 --- [main] com.netflix.discovery.DiscoveryClient    : Saw local status change event StatusChangeEvent [timestamp=1589604656439, current=UP, previous=STARTING]
2020-05-16 12:50:56.444  INFO 4156 --- [DiscoveryClient-InstanceInfoReplicator-0] com.netflix.discovery.DiscoveryClient    : DiscoveryClient_NETTYSERVER/DESKTOP-8KM16BQ:nettyserver:8010: registering service...
2020-05-16 12:50:56.485  INFO 4156 --- [main] o.s.b.w.embedded.tomcat.TomcatWebServer  : Tomcat started on port(s): 8010 (http) with context path ''
2020-05-16 12:50:56.488  INFO 4156 --- [main] .s.c.n.e.s.EurekaAutoServiceRegistration : Updating port to 8010
2020-05-16 12:50:56.491  INFO 4156 --- [DiscoveryClient-InstanceInfoReplicator-0] com.netflix.discovery.DiscoveryClient    : DiscoveryClient_NETTYSERVER/DESKTOP-8KM16BQ:nettyserver:8010 - registration status: 204
2020-05-16 12:50:56.492  INFO 4156 --- [main] com.gateway.TestNettyServerApplication   : Started TestNettyServerApplication in 20.338 seconds (JVM running for 22.707)
2020-05-16 12:53:46.654  INFO 4156 --- [nioEventLoopGroup-3-1] com.gateway.server.ServerHandler         : [/127.0.0.1:64481] is online

2020-05-16 12:55:56.425  INFO 4156 --- [AsyncResolver-bootstrap-executor-0] c.n.d.s.r.aws.ConfigClusterResolver      : Resolving eureka endpoints via configuration
2020-05-16 13:00:56.427  INFO 4156 --- [AsyncResolver-bootstrap-executor-0] c.n.d.s.r.aws.ConfigClusterResolver      : Resolving eureka endpoints via configuration
2020-05-16 13:45:44.147  INFO 4156 --- [AsyncResolver-bootstrap-executor-0] c.n.d.s.r.aws.ConfigClusterResolver      : Resolving eureka endpoints via configuration
2020-05-16 13:50:44.148  INFO 4156 --- [AsyncResolver-bootstrap-executor-0] c.n.d.s.r.aws.ConfigClusterResolver      : Resolving eureka endpoints via configuration
2020-05-16 13:55:44.150  INFO 4156 --- [AsyncResolver-bootstrap-executor-0] c.n.d.s.r.aws.ConfigClusterResolver      : Resolving eureka endpoints via configuration
2020-05-16 14:00:44.152  INFO 4156 --- [AsyncResolver-bootstrap-executor-0] c.n.d.s.r.aws.ConfigClusterResolver      : Resolving eureka endpoints via configuration
2020-05-16 14:05:44.153  INFO 4156 --- [AsyncResolver-bootstrap-executor-0] c.n.d.s.r.aws.ConfigClusterResolver      : Resolving eureka endpoints via configuration
2020-05-16 14:10:44.156  INFO 4156 --- [AsyncResolver-bootstrap-executor-0] c.n.d.s.r.aws.ConfigClusterResolver      : Resolving eureka endpoints via configuration
2020-05-16 14:15:44.157  INFO 4156 --- [AsyncResolver-bootstrap-executor-0] c.n.d.s.r.aws.ConfigClusterResolver      : Resolving eureka endpoints via configuration
2020-05-16 14:20:44.160  INFO 4156 --- [AsyncResolver-bootstrap-executor-0] c.n.d.s.r.aws.ConfigClusterResolver      : Resolving eureka endpoints via configuration
