2020-05-06 08:45:28.515  INFO 18188 --- [main] com.gateway.NettyClientApplication       : No active profile set, falling back to default profiles: default
2020-05-06 08:45:28.542  INFO 18188 --- [main] ConfigServletWebServerApplicationContext : Refreshing org.springframework.boot.web.servlet.context.AnnotationConfigServletWebServerApplicationContext@614aeccc: startup date [Wed May 06 08:45:28 CST 2020]; parent: org.springframework.context.annotation.AnnotationConfigApplicationContext@43c1b556
2020-05-06 08:45:29.206  INFO 18188 --- [main] o.s.cloud.context.scope.GenericScope     : BeanFactory id=bedae094-58af-3677-be16-31e7f71a40af
2020-05-06 08:45:29.288  INFO 18188 --- [main] f.a.AutowiredAnnotationBeanPostProcessor : JSR-330 'javax.inject.Inject' annotation found and supported for autowiring
2020-05-06 08:45:29.433  INFO 18188 --- [main] trationDelegate$BeanPostProcessorChecker : Bean 'org.springframework.cloud.autoconfigure.ConfigurationPropertiesRebinderAutoConfiguration' of type [org.springframework.cloud.autoconfigure.ConfigurationPropertiesRebinderAutoConfiguration$$EnhancerBySpringCGLIB$$dbc11178] is not eligible for getting processed by all BeanPostProcessors (for example: not eligible for auto-proxying)
2020-05-06 08:45:30.181  INFO 18188 --- [main] o.s.b.w.embedded.tomcat.TomcatWebServer  : Tomcat initialized with port(s): 8020 (http)
2020-05-06 08:45:30.221  INFO 18188 --- [main] o.apache.catalina.core.StandardService   : Starting service [Tomcat]
2020-05-06 08:45:30.222  INFO 18188 --- [main] org.apache.catalina.core.StandardEngine  : Starting Servlet Engine: Apache Tomcat/8.5.35
2020-05-06 08:45:30.229  INFO 18188 --- [localhost-startStop-1] o.a.catalina.core.AprLifecycleListener   : The APR based Apache Tomcat Native library which allows optimal performance in production environments was not found on the java.library.path: [C:\Program Files\Java\jdk1.8.0_211\bin;C:\WINDOWS\Sun\Java\bin;C:\WINDOWS\system32;C:\WINDOWS;C:\Program Files (x86)\Common Files\NetSarang;C:\Program Files (x86)\Common Files\Oracle\Java\javapath;C:\WINDOWS\system32;C:\WINDOWS;C:\WINDOWS\System32\Wbem;C:\WINDOWS\System32\WindowsPowerShell\v1.0\;E:\softs\Matlab\runtime\win64;E:\softs\Matlab\bin;E:\softs\matlab\polyspace\bin;C:\WINDOWS\System32\OpenSSH\;C:\Softs\Git\cmd;E:\softs\nodejs\;C:\Program Files (x86)\NVIDIA Corporation\PhysX\Common;C:\Program Files\Intel\WiFi\bin\;C:\Program Files\Common Files\Intel\WirelessCommon\;C:\Program Files\Java\jdk1.8.0_211\bin;E:\softs\spss\JRE\bin;E:\softs\maven\bin;E:\softs\mysql-8.0.11\bin\;;C:\Program Files\Docker\Docker\resources\bin;C:\ProgramData\DockerDesktop\version-bin;C:\Users\19229\AppData\Local\Microsoft\WindowsApps;E:\softs\nodejs\node_global;C:\Program Files\Intel\WiFi\bin\;C:\Program Files\Common Files\Intel\WirelessCommon\;.]
2020-05-06 08:45:30.529  INFO 18188 --- [localhost-startStop-1] o.a.c.c.C.[Tomcat].[localhost].[/]       : Initializing Spring embedded WebApplicationContext
2020-05-06 08:45:30.530  INFO 18188 --- [localhost-startStop-1] o.s.web.context.ContextLoader            : Root WebApplicationContext: initialization completed in 1988 ms
2020-05-06 08:45:30.622  INFO 18188 --- [localhost-startStop-1] o.s.b.w.servlet.ServletRegistrationBean  : Servlet dispatcherServlet mapped to [/]
2020-05-06 08:45:30.628  INFO 18188 --- [localhost-startStop-1] o.s.b.w.servlet.FilterRegistrationBean   : Mapping filter: 'characterEncodingFilter' to: [/*]
2020-05-06 08:45:30.628  INFO 18188 --- [localhost-startStop-1] o.s.b.w.servlet.FilterRegistrationBean   : Mapping filter: 'hiddenHttpMethodFilter' to: [/*]
2020-05-06 08:45:30.628  INFO 18188 --- [localhost-startStop-1] o.s.b.w.servlet.FilterRegistrationBean   : Mapping filter: 'httpPutFormContentFilter' to: [/*]
2020-05-06 08:45:30.628  INFO 18188 --- [localhost-startStop-1] o.s.b.w.servlet.FilterRegistrationBean   : Mapping filter: 'requestContextFilter' to: [/*]
2020-05-06 08:45:30.705  WARN 18188 --- [main] c.n.c.sources.URLConfigurationSource     : No URLs will be polled as dynamic configuration sources.
2020-05-06 08:45:30.706  INFO 18188 --- [main] c.n.c.sources.URLConfigurationSource     : To enable URLs as dynamic configuration sources, define System property archaius.configurationSource.additionalUrls or make config.properties available on classpath.
2020-05-06 08:45:30.711  WARN 18188 --- [main] c.n.c.sources.URLConfigurationSource     : No URLs will be polled as dynamic configuration sources.
2020-05-06 08:45:30.712  INFO 18188 --- [main] c.n.c.sources.URLConfigurationSource     : To enable URLs as dynamic configuration sources, define System property archaius.configurationSource.additionalUrls or make config.properties available on classpath.
2020-05-06 08:45:30.881  INFO 18188 --- [main] o.s.w.s.handler.SimpleUrlHandlerMapping  : Mapped URL path [/**/favicon.ico] onto handler of type [class org.springframework.web.servlet.resource.ResourceHttpRequestHandler]
2020-05-06 08:45:31.132  INFO 18188 --- [main] s.w.s.m.m.a.RequestMappingHandlerAdapter : Looking for @ControllerAdvice: org.springframework.boot.web.servlet.context.AnnotationConfigServletWebServerApplicationContext@614aeccc: startup date [Wed May 06 08:45:28 CST 2020]; parent: org.springframework.context.annotation.AnnotationConfigApplicationContext@43c1b556
2020-05-06 08:45:31.206  INFO 18188 --- [main] s.w.s.m.m.a.RequestMappingHandlerMapping : Mapped "{[/light/command/{id}],methods=[GET]}" onto public java.lang.String com.gateway.controller.nettyClientHandler.sendCom(java.lang.String)
2020-05-06 08:45:31.210  INFO 18188 --- [main] s.w.s.m.m.a.RequestMappingHandlerMapping : Mapped "{[/error]}" onto public org.springframework.http.ResponseEntity<java.util.Map<java.lang.String, java.lang.Object>> org.springframework.boot.autoconfigure.web.servlet.error.BasicErrorController.error(javax.servlet.http.HttpServletRequest)
2020-05-06 08:45:31.211  INFO 18188 --- [main] s.w.s.m.m.a.RequestMappingHandlerMapping : Mapped "{[/error],produces=[text/html]}" onto public org.springframework.web.servlet.ModelAndView org.springframework.boot.autoconfigure.web.servlet.error.BasicErrorController.errorHtml(javax.servlet.http.HttpServletRequest,javax.servlet.http.HttpServletResponse)
2020-05-06 08:45:31.253  INFO 18188 --- [main] o.s.w.s.handler.SimpleUrlHandlerMapping  : Mapped URL path [/webjars/**] onto handler of type [class org.springframework.web.servlet.resource.ResourceHttpRequestHandler]
2020-05-06 08:45:31.254  INFO 18188 --- [main] o.s.w.s.handler.SimpleUrlHandlerMapping  : Mapped URL path [/**] onto handler of type [class org.springframework.web.servlet.resource.ResourceHttpRequestHandler]
2020-05-06 08:45:36.439  INFO 18188 --- [main] com.netflix.discovery.DiscoveryClient    : Shutting down DiscoveryClient ...
2020-05-06 08:45:36.447  INFO 18188 --- [main] com.netflix.discovery.DiscoveryClient    : Completed shut down of DiscoveryClient
2020-05-06 08:45:36.512  INFO 18188 --- [main] o.s.j.e.a.AnnotationMBeanExporter        : Registering beans for JMX exposure on startup
2020-05-06 08:45:36.520  INFO 18188 --- [main] o.s.j.e.a.AnnotationMBeanExporter        : Bean with name 'refreshScope' has been autodetected for JMX exposure
2020-05-06 08:45:36.521  INFO 18188 --- [main] o.s.j.e.a.AnnotationMBeanExporter        : Bean with name 'configurationPropertiesRebinder' has been autodetected for JMX exposure
2020-05-06 08:45:36.522  INFO 18188 --- [main] o.s.j.e.a.AnnotationMBeanExporter        : Bean with name 'environmentManager' has been autodetected for JMX exposure
2020-05-06 08:45:36.525  INFO 18188 --- [main] o.s.j.e.a.AnnotationMBeanExporter        : Located managed bean 'environmentManager': registering with JMX server as MBean [org.springframework.cloud.context.environment:name=environmentManager,type=EnvironmentManager]
2020-05-06 08:45:36.541  INFO 18188 --- [main] o.s.j.e.a.AnnotationMBeanExporter        : Located managed bean 'refreshScope': registering with JMX server as MBean [org.springframework.cloud.context.scope.refresh:name=refreshScope,type=RefreshScope]
2020-05-06 08:45:36.551  INFO 18188 --- [main] o.s.j.e.a.AnnotationMBeanExporter        : Located managed bean 'configurationPropertiesRebinder': registering with JMX server as MBean [org.springframework.cloud.context.properties:name=configurationPropertiesRebinder,context=614aeccc,type=ConfigurationPropertiesRebinder]
2020-05-06 08:45:36.571  INFO 18188 --- [main] o.s.c.support.DefaultLifecycleProcessor  : Starting beans in phase 0
2020-05-06 08:45:36.582  INFO 18188 --- [main] o.s.c.n.eureka.InstanceInfoFactory       : Setting initial instance status as: STARTING
2020-05-06 08:45:36.586  INFO 18188 --- [main] com.netflix.discovery.DiscoveryClient    : Initializing Eureka in region us-east-1
2020-05-06 08:45:36.588  INFO 18188 --- [main] c.n.d.provider.DiscoveryJerseyProvider   : Using JSON encoding codec LegacyJacksonJson
2020-05-06 08:45:36.588  INFO 18188 --- [main] c.n.d.provider.DiscoveryJerseyProvider   : Using JSON decoding codec LegacyJacksonJson
2020-05-06 08:45:36.589  INFO 18188 --- [main] c.n.d.provider.DiscoveryJerseyProvider   : Using XML encoding codec XStreamXml
2020-05-06 08:45:36.589  INFO 18188 --- [main] c.n.d.provider.DiscoveryJerseyProvider   : Using XML decoding codec XStreamXml
2020-05-06 08:45:36.660  INFO 18188 --- [main] c.n.d.s.r.aws.ConfigClusterResolver      : Resolving eureka endpoints via configuration
2020-05-06 08:45:36.662  INFO 18188 --- [main] com.netflix.discovery.DiscoveryClient    : Disable delta property : false
2020-05-06 08:45:36.662  INFO 18188 --- [main] com.netflix.discovery.DiscoveryClient    : Single vip registry refresh property : null
2020-05-06 08:45:36.663  INFO 18188 --- [main] com.netflix.discovery.DiscoveryClient    : Force full registry fetch : false
2020-05-06 08:45:36.663  INFO 18188 --- [main] com.netflix.discovery.DiscoveryClient    : Application is null : false
2020-05-06 08:45:36.663  INFO 18188 --- [main] com.netflix.discovery.DiscoveryClient    : Registered Applications size is zero : true
2020-05-06 08:45:36.664  INFO 18188 --- [main] com.netflix.discovery.DiscoveryClient    : Application version is -1: true
2020-05-06 08:45:36.664  INFO 18188 --- [main] com.netflix.discovery.DiscoveryClient    : Getting all instance registry info from the eureka server
2020-05-06 08:45:36.669  INFO 18188 --- [main] com.netflix.discovery.DiscoveryClient    : The response status is 200
2020-05-06 08:45:36.670  INFO 18188 --- [main] com.netflix.discovery.DiscoveryClient    : Starting heartbeat executor: renew interval is: 30
2020-05-06 08:45:36.673  INFO 18188 --- [main] c.n.discovery.InstanceInfoReplicator     : InstanceInfoReplicator onDemand update allowed rate per min is 4
2020-05-06 08:45:36.675  INFO 18188 --- [main] com.netflix.discovery.DiscoveryClient    : Discovery Client initialized at timestamp 1588725936675 with initial instances count: 2
2020-05-06 08:45:36.678  INFO 18188 --- [main] o.s.c.n.e.s.EurekaServiceRegistry        : Registering application NETTYCLIENT with eureka with status UP
2020-05-06 08:45:36.679  INFO 18188 --- [main] com.netflix.discovery.DiscoveryClient    : Saw local status change event StatusChangeEvent [timestamp=1588725936679, current=UP, previous=STARTING]
2020-05-06 08:45:36.682  INFO 18188 --- [DiscoveryClient-InstanceInfoReplicator-0] com.netflix.discovery.DiscoveryClient    : DiscoveryClient_NETTYCLIENT/DESKTOP-8KM16BQ.mshome.net:nettyclient:8020: registering service...
2020-05-06 08:45:36.734  INFO 18188 --- [DiscoveryClient-InstanceInfoReplicator-0] com.netflix.discovery.DiscoveryClient    : DiscoveryClient_NETTYCLIENT/DESKTOP-8KM16BQ.mshome.net:nettyclient:8020 - registration status: 204
2020-05-06 08:45:36.750  INFO 18188 --- [main] o.s.b.w.embedded.tomcat.TomcatWebServer  : Tomcat started on port(s): 8020 (http) with context path ''
2020-05-06 08:45:36.751  INFO 18188 --- [main] .s.c.n.e.s.EurekaAutoServiceRegistration : Updating port to 8020
2020-05-06 08:45:36.755  INFO 18188 --- [main] com.gateway.NettyClientApplication       : Started NettyClientApplication in 20.446 seconds (JVM running for 22.616)
2020-05-06 08:48:34.514  INFO 18188 --- [http-nio-8020-exec-10] o.a.c.c.C.[Tomcat].[localhost].[/]       : Initializing Spring FrameworkServlet 'dispatcherServlet'
2020-05-06 08:48:34.514  INFO 18188 --- [http-nio-8020-exec-10] o.s.web.servlet.DispatcherServlet        : FrameworkServlet 'dispatcherServlet': initialization started
2020-05-06 08:48:34.541  INFO 18188 --- [http-nio-8020-exec-10] o.s.web.servlet.DispatcherServlet        : FrameworkServlet 'dispatcherServlet': initialization completed in 27 ms
